<?xml version="1.0" encoding="UTF-8"?>
<!-- Generated by org.testng.reporters.JUnitXMLReporter -->
<testsuite ignored="0" hostname="DESKTOP-QQ2F0N4" failures="0" tests="3" name="Default test" time="0.199" errors="0" timestamp="2022-09-21T22:41:47 GMT-07:00">
  <testcase classname="TestPack.VerifyLanguageSelectionOnBooksPage" name="@BeforeTest openBrowser" time="-1.663825306926E9">
    <failure type="org.testng.TestNGException" message="
Parameter &amp;apos;browser&amp;apos; is required by BeforeTest on method openBrowser but has not been marked @Optional or defined
in C:\Users\vishi\AppData\Local\Temp\testng-eclipse--2099414158\testng-customsuite.xml">
      <![CDATA[org.testng.TestNGException: 
Parameter 'browser' is required by BeforeTest on method openBrowser but has not been marked @Optional or defined
in C:\Users\vishi\AppData\Local\Temp\testng-eclipse--2099414158\testng-customsuite.xml
at org.testng.internal.Parameters.createParams(Parameters.java:270)
at org.testng.internal.Parameters.createParametersForMethod(Parameters.java:358)
at org.testng.internal.Parameters.createParameters(Parameters.java:700)
at org.testng.internal.Parameters.createConfigurationParameters(Parameters.java:168)
at org.testng.internal.ConfigInvoker.invokeConfigurations(ConfigInvoker.java:302)
at org.testng.TestRunner.invokeTestConfigurations(TestRunner.java:637)
at org.testng.TestRunner.beforeRun(TestRunner.java:627)
at org.testng.TestRunner.run(TestRunner.java:589)
at org.testng.SuiteRunner.runTest(SuiteRunner.java:377)
at org.testng.SuiteRunner.runSequentially(SuiteRunner.java:371)
at org.testng.SuiteRunner.privateRun(SuiteRunner.java:332)
at org.testng.SuiteRunner.run(SuiteRunner.java:276)
at org.testng.SuiteRunnerWorker.runSuite(SuiteRunnerWorker.java:53)
at org.testng.SuiteRunnerWorker.run(SuiteRunnerWorker.java:96)
at org.testng.TestNG.runSuitesSequentially(TestNG.java:1212)
at org.testng.TestNG.runSuitesLocally(TestNG.java:1134)
at org.testng.TestNG.runSuites(TestNG.java:1063)
at org.testng.TestNG.run(TestNG.java:1031)
at org.testng.remote.AbstractRemoteTestNG.run(AbstractRemoteTestNG.java:115)
at org.testng.remote.RemoteTestNG.initAndRun(RemoteTestNG.java:251)
at org.testng.remote.RemoteTestNG.main(RemoteTestNG.java:77)
]]>
    </failure>
  </testcase> <!-- @BeforeTest openBrowser -->
  <testcase classname="TestPack.VerifyLanguageSelectionOnBooksPage" name="@BeforeClass createPOMObjects" time="-1.663825306999E9">
    <skipped/>
  </testcase> <!-- @BeforeClass createPOMObjects -->
  <testcase classname="TestPack.VerifyLanguageSelectionOnBooksPage" name="@BeforeMethod openAmazonApp" time="-1.663825307044E9">
    <skipped/>
  </testcase> <!-- @BeforeMethod openAmazonApp -->
  <testcase classname="TestPack.VerifyLanguageSelectionOnBooksPage" name="@BeforeMethod openAmazonApp" time="-1.663825307073E9">
    <skipped/>
  </testcase> <!-- @BeforeMethod openAmazonApp -->
  <testcase classname="TestPack.VerifyLanguageSelectionOnBooksPage" name="@BeforeMethod openAmazonApp" time="-1.663825307086E9">
    <skipped/>
  </testcase> <!-- @BeforeMethod openAmazonApp -->
  <testcase classname="TestPack.VerifyLanguageSelectionOnBooksPage" name="@AfterClass CloseBrawser" time="-1.663825307105E9">
    <skipped/>
  </testcase> <!-- @AfterClass CloseBrawser -->
  <testcase classname="TestPack.VerifyLanguageSelectionOnBooksPage" name="VerifyEUCanSelectMarathiBooks" time="0.0">
    <skipped/>
  </testcase> <!-- VerifyEUCanSelectMarathiBooks -->
  <testcase classname="TestPack.VerifyLanguageSelectionOnBooksPage" name="VerifyEUCanSelectHindiBooks" time="0.0">
    <skipped/>
  </testcase> <!-- VerifyEUCanSelectHindiBooks -->
  <testcase classname="TestPack.VerifyLanguageSelectionOnBooksPage" name="VerifyEUCanSelectEnglishBooks" time="0.0">
    <skipped/>
  </testcase> <!-- VerifyEUCanSelectEnglishBooks -->
</testsuite> <!-- Default test -->
